2025-09-23 19:45:14,867 - INFO - Data Loaded Successfull : (50, 5)
2025-09-23 19:45:14,892 - INFO - Sample Rows And Columns Data :     R&D Spend  Administration  Marketing Spend       State     Profit
21   78389.47       153773.43        299737.29    New York  111313.02
5   131876.90        99814.71        362861.36    New York  156991.12
12   93863.75       127320.38        249839.44     Florida  141585.52
34   46426.07       157693.92        210797.67  California   96712.80
38   20229.59        65947.93        185265.10    New York   81229.06
33   55493.95       103057.49        214634.81     Florida   96778.92
39   38558.51        82982.09        174999.30  California   81005.76
2025-09-23 19:45:14,893 - INFO - Categorical Unique Values: ['New York' 'California' 'Florida']
2025-09-23 19:45:14,901 - INFO - State
New York      17
California    17
Florida       16
Name: count, dtype: int64
2025-09-23 19:45:14,946 - INFO -     R&D Spend  Administration  Marketing Spend  State     Profit
24   77044.01        99281.34        140574.81      0  108552.04
4   142107.34        91391.77        366168.42      2  166187.94
36   28663.76       127056.21        201126.82      2   90708.19
18   91749.16       114175.79        294919.57      2  124266.90
19   86419.70       153514.11             0.00      0  122776.86
46    1315.46       115816.21        297114.46      2   49490.75
28   66051.52       182645.56        118148.20      2  103282.38
2025-09-23 19:45:14,950 - INFO - Missing Value in the data : R&D Spend          0
Administration     0
Marketing Spend    0
State              0
Profit             0
dtype: int64
2025-09-23 19:45:14,955 - INFO - length of X_train and y_train : (35, 35)
2025-09-23 19:45:14,969 - INFO - length of X_test and y_test : (15, 15)
2025-09-23 19:45:14,969 - INFO - Linear Regression Algorithm
2025-09-23 19:45:15,310 - INFO - Finding m value : [ 8.05287266e-01 -9.09759187e-02  2.76195629e-02  8.47949958e+02]
2025-09-23 19:45:15,311 - INFO - Finding c value : 56350.351993011536
2025-09-23 19:45:15,311 - INFO - Mean Squared Error : 84327239.72717638
2025-09-23 19:45:15,312 - INFO - Mean Absolute Error: 7356.968265793021
2025-09-23 19:45:15,313 - INFO - R2 Score           : 94.00659697736397
2025-09-23 19:45:15,327 - INFO -     R&D Spend  Administration  Marketing Spend  State  Actual_Profit_Values
6   134615.46       147198.87        127716.82      1             156122.51
41   27892.92        84710.77        164470.71      2              77798.83
46    1315.46       115816.21        297114.46      2              49490.75
47       0.00       135426.92             0.00      1              42559.73
15  114523.61       122616.84        261776.23      0             129917.04
9   123334.88       108679.17        304981.62      1             149759.96
16   78013.11       121597.55        264346.06      1             126992.93
24   77044.01        99281.34        140574.81      0             108552.04
34   46426.07       157693.92        210797.67      1              96712.80
31   61136.38       152701.92         88218.23      0              97483.56
0   165349.20       136897.80        471784.10      0             192261.83
44   22177.74       154806.14         28334.72      1              65200.33
27   72107.60       127864.55        353183.81      0             105008.31
33   55493.95       103057.49        214634.81      2              96778.92
5   131876.90        99814.71        362861.36      0             156991.12
29   65605.48       153032.06        107138.38      0             101004.64
11  100671.96        91790.61        249744.55      1             144259.40
36   28663.76       127056.21        201126.82      2              90708.19
1   162597.70       151377.59        443898.53      1             191792.06
21   78389.47       153773.43        299737.29      0             111313.02
2   153441.51       101145.55        407934.54      2             191050.39
43   15505.73       127382.30         35534.17      0              69758.98
35   46014.02        85047.44        205517.64      0              96479.51
23   67532.53       105751.03        304768.73      2             108733.99
40   28754.33       118546.05        172795.67      1              78239.91
10  101913.08       110594.11        229160.95      2             146121.95
22   73994.56       122782.75        303319.26      2             110352.25
18   91749.16       114175.79        294919.57      2             124266.90
49       0.00       116983.80         45173.06      1              14681.40
20   76253.86       113867.30        298664.47      1             118474.03
7   130298.13       145530.06        323876.68      2             155752.60
42   23640.93        96189.63        148001.11      1              71498.49
14  119943.24       156547.42        256512.92      2             132602.65
28   66051.52       182645.56        118148.20      2             103282.38
38   20229.59        65947.93        185265.10      0              81229.06
2025-09-23 19:45:15,327 - INFO - Calculating model with the above training_data with y = mx + c : 155738.34800926992
2025-09-23 19:45:15,329 - INFO -     R&D Spend  Administration  ...  Actual_Profit_Values  Values_From_Model
6   134615.46       147198.87  ...             156122.51      155738.348062
41   27892.92        84710.77  ...              77798.83       77344.034203
46    1315.46       115816.21  ...              49490.75       56775.260509
47       0.00       135426.92  ...              42559.73       44877.713483
15  114523.61       122616.84  ...             129917.04      144649.722214
9   123334.88       108679.17  ...             149759.96      155054.582024
16   78013.11       121597.55  ...             126992.93      116259.939857
24   77044.01        99281.34  ...             108552.04      113243.315890
34   46426.07       157693.92  ...              96712.80       86060.415210
31   61136.38       152701.92  ...              97483.56       94127.051812
0   165349.20       136897.80  ...             192261.83      190080.024771
44   22177.74       154806.14  ...              65200.33       61756.715340
27   72107.60       127864.55  ...             105008.31      112539.871637
33   55493.95       103057.49  ...              96778.92       99287.193011
5   131876.90        99814.71  ...             156991.12      163490.477515
29   65605.48       153032.06  ...             101004.64       98218.492617
11  100671.96        91790.61  ...             144259.40      136815.249660
36   28663.76       127056.21  ...              90708.19       75124.792268
1   162597.70       151377.59  ...             191792.06      186624.727362
21   78389.47       153773.43  ...             111313.02      113765.327874
2   153441.51       101145.55  ...             191050.39      183675.910408
43   15505.73       127382.30  ...              69758.98       58229.635390
35   46014.02        85047.44  ...              96479.51       91343.894774
23   67532.53       105751.03  ...             108733.99      111226.120389
40   28754.33       118546.05  ...              78239.91       74341.502823
10  101913.08       110594.11  ...             146121.95      136383.482027
22   73994.56       122782.75  ...             110352.25      114840.400760
18   91749.16       114175.79  ...             124266.90      129688.984388
49       0.00       116983.80  ...              14681.40       47803.253442
20   76253.86       113867.30  ...             118474.03      116494.364313
7   130298.13       145530.06  ...             155752.60      158679.278264
42   23640.93        96189.63  ...              71498.49       71572.827854
14  119943.24       156547.42  ...             132602.65      147477.745147
28   66051.52       182645.56  ...             103282.38       97883.553912
38   20229.59        65947.93  ...              81229.06       71758.250791

[35 rows x 6 columns]
2025-09-23 19:45:15,349 - INFO - Training Loos : 81587538.15953389
2025-09-23 19:45:15,350 - INFO - Training Accuracy :  95.11278731764929
2025-09-23 19:45:15,352 - INFO - Testing Loos : 84327239.72717638
2025-09-23 19:45:15,353 - INFO - Testing Accuracy :  94.00659697736397
2025-09-23 19:45:15,355 - INFO - ***** Predicting values based on user inputs pickle files *****
2025-09-23 19:45:15,356 - INFO - Prediction Value was : 61478.129348153416 : with 94.00659697736397 % Accuracy
